<?xml version="1.0" encoding="UTF-8"?>
<!-- Generated by org.testng.reporters.JUnitReportReporter -->
<testsuite hostname="DESKTOP-2PRA8EG" failures="0" tests="4" name="testcases.Addaccount" time="2.463" errors="0" timestamp="2023-11-25T17:01:58 IST" skipped="0">
  <testcase classname="testcases.Addaccount" name="addaccount" time="0.483"/>
  <testcase classname="testcases.Addaccount" name="addaccount" time="0.548"/>
  <testcase classname="testcases.Addaccount" name="addaccount" time="0.598"/>
  <testcase classname="testcases.Addaccount" name="addaccount" time="0.834"/>
</testsuite> <!-- testcases.Addaccount -->
