<?xml version="1.0" encoding="UTF-8"?>
<!-- Generated by org.testng.reporters.JUnitReportReporter -->
<testsuite hostname="DESKTOP-2PRA8EG" failures="0" tests="4" name="testcases.Addcustomertest" time="4.109" errors="0" timestamp="2023-11-25T17:01:58 IST" skipped="0">
  <testcase classname="testcases.Addcustomertest" name="LoginTest" time="1.140"/>
  <testcase classname="testcases.Addcustomertest" name="LoginTest" time="1.080"/>
  <testcase classname="testcases.Addcustomertest" name="LoginTest" time="0.758"/>
  <testcase classname="testcases.Addcustomertest" name="LoginTest" time="1.131"/>
</testsuite> <!-- testcases.Addcustomertest -->
