<?xml version="1.0" encoding="UTF-8"?>
<!-- Generated by org.testng.reporters.JUnitReportReporter -->
<testsuite hostname="DESKTOP-2PRA8EG" failures="0" tests="4" name="testcases.CustomerLogin" time="4.742" errors="0" timestamp="2023-11-25T17:01:58 IST" skipped="0">
  <testcase classname="testcases.CustomerLogin" name="Cutomerlogin" time="1.667"/>
  <testcase classname="testcases.CustomerLogin" name="Cutomerlogin" time="1.092"/>
  <testcase classname="testcases.CustomerLogin" name="Cutomerlogin" time="0.967"/>
  <testcase classname="testcases.CustomerLogin" name="Cutomerlogin" time="1.016"/>
</testsuite> <!-- testcases.CustomerLogin -->
