<?xml version="1.0" encoding="UTF-8"?>
<!-- Generated by org.testng.reporters.JUnitReportReporter -->
<testsuite hostname="DESKTOP-2PRA8EG" failures="0" tests="1" name="testcases.LoginTest" time="0.132" errors="0" timestamp="2023-11-25T17:01:58 IST" skipped="0">
  <testcase classname="testcases.LoginTest" name="LoginAsBankManager" time="0.132"/>
</testsuite> <!-- testcases.LoginTest -->
